d:\sinkingstone\code\assignment\qtdesigncal\qtdesigncal\x64\release\moc_qtdesigncal.obj
d:\sinkingstone\code\assignment\qtdesigncal\qtdesigncal\x64\release\qrc_qtdesigncal.obj
d:\sinkingstone\code\assignment\qtdesigncal\qtdesigncal\x64\release\moc_calculatorui.obj
d:\sinkingstone\code\assignment\qtdesigncal\qtdesigncal\x64\release\calculator.obj
d:\sinkingstone\code\assignment\qtdesigncal\qtdesigncal\x64\release\qtdesigncal.obj
d:\sinkingstone\code\assignment\qtdesigncal\qtdesigncal\x64\release\calculatorui.obj
d:\sinkingstone\code\assignment\qtdesigncal\qtdesigncal\x64\release\operation.obj
d:\sinkingstone\code\assignment\qtdesigncal\qtdesigncal\x64\release\main.obj
d:\sinkingstone\code\assignment\qtdesigncal\x64\release\qtdesigncal.exe
d:\sinkingstone\code\assignment\qtdesigncal\qtdesigncal\x64\release\moc\moc_qtdesigncal.cpp
d:\sinkingstone\code\assignment\qtdesigncal\qtdesigncal\x64\release\moc\moc_calculatorui.cpp
d:\sinkingstone\code\assignment\qtdesigncal\qtdesigncal\x64\release\uic\ui_qtdesigncal.h
d:\sinkingstone\code\assignment\qtdesigncal\qtdesigncal\x64\release\rcc\qrc_qtdesigncal.cpp
d:\sinkingstone\code\assignment\qtdesigncal\qtdesigncal\x64\release\qtdesigncal.tlog\cl.2016.write.1.tlog
d:\sinkingstone\code\assignment\qtdesigncal\qtdesigncal\x64\release\qtdesigncal.tlog\cl.command.1.tlog
d:\sinkingstone\code\assignment\qtdesigncal\qtdesigncal\x64\release\qtdesigncal.tlog\cl.read.1.tlog
d:\sinkingstone\code\assignment\qtdesigncal\qtdesigncal\x64\release\qtdesigncal.tlog\link.command.1.tlog
d:\sinkingstone\code\assignment\qtdesigncal\qtdesigncal\x64\release\qtdesigncal.tlog\link.read.1.tlog
d:\sinkingstone\code\assignment\qtdesigncal\qtdesigncal\x64\release\qtdesigncal.tlog\link.write.1.tlog
d:\sinkingstone\code\assignment\qtdesigncal\qtdesigncal\x64\release\qtdesigncal.tlog\moc.read.1u.tlog
d:\sinkingstone\code\assignment\qtdesigncal\qtdesigncal\x64\release\qtdesigncal.tlog\moc.write.1u.tlog
d:\sinkingstone\code\assignment\qtdesigncal\qtdesigncal\x64\release\qtdesigncal.tlog\qtdesigncal.write.1u.tlog
d:\sinkingstone\code\assignment\qtdesigncal\qtdesigncal\x64\release\qtdesigncal.tlog\rcc.read.1u.tlog
d:\sinkingstone\code\assignment\qtdesigncal\qtdesigncal\x64\release\qtdesigncal.tlog\rcc.write.1u.tlog
d:\sinkingstone\code\assignment\qtdesigncal\qtdesigncal\x64\release\qtdesigncal.tlog\uic.read.1u.tlog
d:\sinkingstone\code\assignment\qtdesigncal\qtdesigncal\x64\release\qtdesigncal.tlog\uic.write.1u.tlog
